<?xml version="1.0" encoding="UTF-8"?>
<!-- Generated by org.testng.reporters.JUnitReportReporter -->
<testsuite skipped="0" hostname="DESKTOP-PCC37BG" name="com.cucumber.runner.SuiteRunner" tests="1" failures="0" timestamp="10 Apr 2018 19:24:52 GMT" time="36.955" errors="0">
  <testcase name="feature" time="36.955" classname="com.cucumber.runner.SuiteRunner"/>
</testsuite> <!-- com.cucumber.runner.SuiteRunner -->
